hbhri/build/outputs/logs/manifest-merger-debug-report.txt
-- Merging decision tree log ---
manifest
ADDED from hbgf\hbhri\AndroidManifest.xml:2:1-51:12
	package
		ADDED from hbgf\hbhri\AndroidManifest.xml:3:5-32
	android:versionName
		ADDED from hbgf\hbhri\AndroidManifest.xml:5:5-30
		INJECTED from hbgf\hbhri\AndroidManifest.xml
		INJECTED from hbgf\hbhri\AndroidManifest.xml
	android:versionCode
		ADDED from hbgf\hbhri\AndroidManifest.xml:4:5-28
		INJECTED from hbgf\hbhri\AndroidManifest.xml
		INJECTED from hbgf\hbhri\AndroidManifest.xml
	xmlns:android
		ADDED from hbgf\hbhri\AndroidManifest.xml:2:11-69
uses-sdk
ADDED from hbgf\hbhri\AndroidManifest.xml:7:5-9:41
MERGED from [com.android.support:multidex:1.0.1] AndroidManifest.xml:18:5-42
MERGED from [hbgf:tileview:unspecified] AndroidManifest.xml:7:5-9:41
MERGED from [com.android.support:appcompat-v7:23.1.1] AndroidManifest.xml:20:5-43
MERGED from [com.android.support:support-v4:23.1.1] AndroidManifest.xml:20:5-43
MERGED from [hbgf:library:unspecified] AndroidManifest.xml:5:5-7:41
MERGED from [com.android.support:appcompat-v7:23.1.1] AndroidManifest.xml:20:5-43
MERGED from [com.android.support:support-v4:23.1.1] AndroidManifest.xml:20:5-43
MERGED from [hbgf:material:unspecified] AndroidManifest.xml:7:5-9:41
MERGED from [com.android.support:appcompat-v7:23.1.1] AndroidManifest.xml:20:5-43
MERGED from [com.android.support:support-v4:23.1.1] AndroidManifest.xml:20:5-43
MERGED from [com.android.support:cardview-v7:23.1.1] AndroidManifest.xml:20:5-43
MERGED from [com.android.support:recyclerview-v7:23.1.1] AndroidManifest.xml:20:5-43
MERGED from [com.android.support:support-v4:23.1.1] AndroidManifest.xml:20:5-43
MERGED from [com.android.support:appcompat-v7:23.1.1] AndroidManifest.xml:20:5-43
MERGED from [com.android.support:support-v4:23.1.1] AndroidManifest.xml:20:5-43
	android:targetSdkVersion
		ADDED from hbgf\hbhri\AndroidManifest.xml:9:9-38
	android:minSdkVersion
		ADDED from hbgf\hbhri\AndroidManifest.xml:8:9-35
uses-permission#android.permission.WRITE_EXTERNAL_STORAGE
ADDED from hbgf\hbhri\AndroidManifest.xml:11:5-81
	android:name
		ADDED from hbgf\hbhri\AndroidManifest.xml:11:22-78
uses-permission#android.permission.READ_PHONE_STATE
ADDED from hbgf\hbhri\AndroidManifest.xml:12:5-75
	android:name
		ADDED from hbgf\hbhri\AndroidManifest.xml:12:22-72
uses-permission#android.permission.READ_EXTERNAL_STORAGE
ADDED from hbgf\hbhri\AndroidManifest.xml:13:5-80
	android:name
		ADDED from hbgf\hbhri\AndroidManifest.xml:13:22-77
uses-permission#android.permission.INTERNET
ADDED from hbgf\hbhri\AndroidManifest.xml:14:5-66
	android:name
		ADDED from hbgf\hbhri\AndroidManifest.xml:14:22-64
uses-permission#android.permission.ACCESS_COARSE_LOCATION
ADDED from hbgf\hbhri\AndroidManifest.xml:15:5-80
	android:name
		ADDED from hbgf\hbhri\AndroidManifest.xml:15:22-78
uses-permission#android.permission.ACCESS_FINE_LOCATION
ADDED from hbgf\hbhri\AndroidManifest.xml:16:5-78
	android:name
		ADDED from hbgf\hbhri\AndroidManifest.xml:16:22-76
uses-permission#android.permission.ACCESS_NETWORK_STATE
ADDED from hbgf\hbhri\AndroidManifest.xml:17:5-78
	android:name
		ADDED from hbgf\hbhri\AndroidManifest.xml:17:22-76
uses-permission#android.permission.ACCESS_WIFI_STATE
ADDED from hbgf\hbhri\AndroidManifest.xml:18:5-75
	android:name
		ADDED from hbgf\hbhri\AndroidManifest.xml:18:22-73
uses-permission#android.permission.CALL_PHONE
ADDED from hbgf\hbhri\AndroidManifest.xml:19:5-68
	android:name
		ADDED from hbgf\hbhri\AndroidManifest.xml:19:22-66
application
ADDED from hbgf\hbhri\AndroidManifest.xml:23:5-49:19
MERGED from [hbgf:tileview:unspecified] AndroidManifest.xml:11:5-14:19
MERGED from [com.android.support:appcompat-v7:23.1.1] AndroidManifest.xml:22:5-20
MERGED from [com.android.support:support-v4:23.1.1] AndroidManifest.xml:22:5-20
MERGED from [hbgf:library:unspecified] AndroidManifest.xml:9:5-20
MERGED from [com.android.support:appcompat-v7:23.1.1] AndroidManifest.xml:22:5-20
MERGED from [com.android.support:support-v4:23.1.1] AndroidManifest.xml:22:5-20
MERGED from [com.android.support:appcompat-v7:23.1.1] AndroidManifest.xml:22:5-20
MERGED from [com.android.support:support-v4:23.1.1] AndroidManifest.xml:22:5-20
MERGED from [com.android.support:cardview-v7:23.1.1] AndroidManifest.xml:22:5-20
MERGED from [com.android.support:support-v4:23.1.1] AndroidManifest.xml:22:5-20
MERGED from [com.android.support:appcompat-v7:23.1.1] AndroidManifest.xml:22:5-20
MERGED from [com.android.support:support-v4:23.1.1] AndroidManifest.xml:22:5-20
	android:label
		ADDED from hbgf\hbhri\AndroidManifest.xml:26:9-41
	android:supportsRtl
		ADDED from [hbgf:tileview:unspecified] AndroidManifest.xml:13:9-35
	android:allowBackup
		ADDED from hbgf\hbhri\AndroidManifest.xml:24:9-35
	android:icon
		ADDED from hbgf\hbhri\AndroidManifest.xml:25:9-45
	android:theme
		ADDED from hbgf\hbhri\AndroidManifest.xml:27:9-40
activity#com.example.hbhri.SplashActivity
ADDED from hbgf\hbhri\AndroidManifest.xml:28:9-36:20
	android:label
		ADDED from hbgf\hbhri\AndroidManifest.xml:30:13-45
	android:name
		ADDED from hbgf\hbhri\AndroidManifest.xml:29:13-43
intent-filter#android.intent.action.MAIN+android.intent.category.LAUNCHER
ADDED from hbgf\hbhri\AndroidManifest.xml:31:13-35:29
action#android.intent.action.MAIN
ADDED from hbgf\hbhri\AndroidManifest.xml:32:17-69
	android:name
		ADDED from hbgf\hbhri\AndroidManifest.xml:32:25-66
category#android.intent.category.LAUNCHER
ADDED from hbgf\hbhri\AndroidManifest.xml:34:17-77
	android:name
		ADDED from hbgf\hbhri\AndroidManifest.xml:34:27-74
activity#com.example.hbhri.MainActivity
ADDED from hbgf\hbhri\AndroidManifest.xml:37:9-39:59
	android:label
		ADDED from hbgf\hbhri\AndroidManifest.xml:39:13-56
	android:name
		ADDED from hbgf\hbhri\AndroidManifest.xml:38:13-41
activity#com.example.hbhri.RulesActivity
ADDED from hbgf\hbhri\AndroidManifest.xml:40:9-42:60
	android:label
		ADDED from hbgf\hbhri\AndroidManifest.xml:42:13-57
	android:name
		ADDED from hbgf\hbhri\AndroidManifest.xml:41:13-42
activity#com.example.hbhri.TileViewTest
ADDED from hbgf\hbhri\AndroidManifest.xml:43:9-45:69
	android:label
		ADDED from hbgf\hbhri\AndroidManifest.xml:45:13-66
	android:name
		ADDED from hbgf\hbhri\AndroidManifest.xml:44:13-41
activity#com.example.hbhri.MapActivity
ADDED from hbgf\hbhri\AndroidManifest.xml:46:9-48:67
	android:label
		ADDED from hbgf\hbhri\AndroidManifest.xml:48:13-55
	android:name
		ADDED from hbgf\hbhri\AndroidManifest.xml:47:13-40